<?xml version="1.0" encoding="UTF-8"?>
<!-- Generated by org.testng.reporters.JUnitReportReporter -->
<testsuite hostname="DESKTOP-OMN848M" failures="0" tests="1" name="com.archa.amazon.testclasses.AmazonTest" time="37.160" errors="0" timestamp="2022-06-13T23:36:42 EDT" skipped="0">
  <testcase classname="com.archa.amazon.testclasses.AmazonTest" name="testCase" time="37.160"/>
  <system-out/>
</testsuite> <!-- com.archa.amazon.testclasses.AmazonTest -->
